VPR FPGA Placement and Routing.
Version: 8.1.0-dev+dadca7ecf
Revision: v8.0.0-rc2-2909-gdadca7ecf
Compiled: 2022-10-18T07:22:54
Compiler: GNU 10.2.1 on Linux-5.4.0-faked aarch64
Build Info: release IPO VTR_ASSERT_LEVEL=2

University of Toronto
verilogtorouting.org
vtr-users@googlegroups.com
This is free open source code under MIT license.

VPR was run with the following command-line:
vpr /data/data/com.termux/files/home/symbiflow/quicklogic-arch-defs/share/arch/ql-eos-s3_wlcsp/arch.timing.xml helloworldfpga.eblif --device ql-eos-s3 --max_router_iterations 500 --routing_failure_predictor off --router_high_fanout_threshold -1 --constant_net_method route --route_chan_width 100 --clock_modeling route --place_delay_model delta_override --router_lookahead map --check_route quick --strict_checks off --allow_dangling_combinational_nodes on --disable_errors check_unbuffered_edges:check_route --congested_routing_iteration_threshold 0.8 --incremental_reroute_delay_ripup off --base_cost_type delay_normalized_length_bounded --bb_factor 10 --initial_pres_fac 4.0 --check_rr_graph off --suppress_warnings ,sum_pin_class:check_unbuffered_edges:load_rr_indexed_data_T_values:check_rr_node:trans_per_R:check_route:set_rr_graph_tool_comment:warn_model_missing_timing --read_rr_graph /data/data/com.termux/files/home/symbiflow/quicklogic-arch-defs/share/arch/ql-eos-s3_wlcsp/rr_graph_ql-eos-s3_wlcsp.rr_graph.real.bin --read_placement_delay_lookup /data/data/com.termux/files/home/symbiflow/quicklogic-arch-defs/share/arch/ql-eos-s3_wlcsp/rr_graph_ql-eos-s3_wlcsp.place_delay.bin --sdc_file /sdcard/Download/iith/iith/vaman/Assignment-10/codes/build/helloworldfpga_dummy.sdc --fix_clusters helloworldfpga_constraints.place --place


Architecture file: /data/data/com.termux/files/home/symbiflow/quicklogic-arch-defs/share/arch/ql-eos-s3_wlcsp/arch.timing.xml
Circuit name: helloworldfpga

# Loading Architecture Description
# Loading Architecture Description took 0.64 seconds (max_rss 27.9 MiB, delta_rss +24.1 MiB)
# Building complex block graph
# Building complex block graph took 0.16 seconds (max_rss 34.7 MiB, delta_rss +6.8 MiB)
# Load circuit
# Load circuit took 0.01 seconds (max_rss 34.7 MiB, delta_rss +0.0 MiB)
# Clean circuit
Absorbed 77 LUT buffers
Inferred    3 additional primitive pins as constant generators since they have no combinationally connected inputs
Inferred    0 additional primitive pins as constant generators due to constant inputs
Inferred    0 additional primitive pins as constant generators since they have no combinationally connected inputs
Inferred    0 additional primitive pins as constant generators due to constant inputs
Inferred    0 additional primitive pins as constant generators since they have no combinationally connected inputs
Inferred    0 additional primitive pins as constant generators due to constant inputs
Swept input(s)      : 0
Swept output(s)     : 0 (0 dangling, 0 constant)
Swept net(s)        : 1
Swept block(s)      : 1
Constant Pins Marked: 3
# Clean circuit took 0.00 seconds (max_rss 34.7 MiB, delta_rss +0.0 MiB)
# Compress circuit
# Compress circuit took 0.00 seconds (max_rss 34.7 MiB, delta_rss +0.0 MiB)
# Verify circuit
# Verify circuit took 0.00 seconds (max_rss 34.7 MiB, delta_rss +0.0 MiB)
Circuit Statistics:
  Blocks: 32
    .input    :       3
    .output   :       8
    BIDIR_CELL:      11
    GND       :       1
    T_FRAG    :       8
    VCC       :       1
  Nets  : 24
    Avg Fanout:     4.0
    Max Fanout:    35.0
    Min Fanout:     1.0
  Netlist Clocks: 0
# Build Timing Graph
  Timing Graph Nodes: 121
  Timing Graph Edges: 175
  Timing Graph Levels: 8
# Build Timing Graph took 0.00 seconds (max_rss 34.7 MiB, delta_rss +0.0 MiB)
Netlist contains 0 clocks
# Load Timing Constraints

SDC file '/sdcard/Download/iith/iith/vaman/Assignment-10/codes/build/helloworldfpga_dummy.sdc' contained no SDC commands
Setting default timing constraints:
   * constrain all primay inputs and primary outputs on a virtual external clock 'virtual_io_clock'
   * optimize virtual clock to run as fast as possible
Timing constraints created 1 clocks
  Constrained Clock 'virtual_io_clock' (Virtual Clock)

# Load Timing Constraints took 0.00 seconds (max_rss 34.7 MiB, delta_rss +0.0 MiB)
Timing analysis: ON
Circuit netlist file: helloworldfpga.net
Circuit placement file: helloworldfpga.place
Circuit routing file: helloworldfpga.route
Circuit SDC file: /sdcard/Download/iith/iith/vaman/Assignment-10/codes/build/helloworldfpga_dummy.sdc

Packer: ENABLED
Placer: ENABLED
Router: DISABLED
Analysis: DISABLED

NetlistOpts.abosrb_buffer_luts            : true
NetlistOpts.sweep_dangling_primary_ios    : true
NetlistOpts.sweep_dangling_nets           : true
NetlistOpts.sweep_dangling_blocks         : true
NetlistOpts.sweep_constant_primary_outputs: false
NetlistOpts.netlist_verbosity             : 1
NetlistOpts.const_gen_inference           : COMB_SEQ

PackerOpts.allow_unrelated_clustering: auto
PackerOpts.alpha_clustering: 0.750000
PackerOpts.beta_clustering: 0.900000
PackerOpts.cluster_seed_type: BLEND2
PackerOpts.connection_driven: true
PackerOpts.global_clocks: true
PackerOpts.hill_climbing_flag: false
PackerOpts.inter_cluster_net_delay: 1.000000
PackerOpts.timing_driven: true
PackerOpts.target_external_pin_util: auto

PlacerOpts.place_freq: PLACE_ONCE
PlacerOpts.place_algorithm: CRITICALITY_TIMING_PLACE
PlacerOpts.pad_loc_type: FREE
PlacerOpts.constraints_file: Using constraints file 'helloworldfpga_constraints.place'
PlacerOpts.place_cost_exp: 1.000000
PlacerOpts.place_chan_width: 100
PlacerOpts.inner_loop_recompute_divider: 0
PlacerOpts.recompute_crit_iter: 1
PlacerOpts.timing_tradeoff: 0.500000
PlacerOpts.td_place_exp_first: 1.000000
PlacerOpts.td_place_exp_last: 8.000000
PlacerOpts.delay_offset: 0.000000
PlacerOpts.delay_ramp_delta_threshold: -1
PlacerOpts.delay_ramp_slope: 0.000000
PlacerOpts.tsu_rel_margin: 1.000000
PlacerOpts.tsu_abs_margin: 0.000000
PlacerOpts.post_place_timing_report_file: 
PlacerOpts.allowed_tiles_for_delay_model: 
PlacerOpts.delay_model_reducer: MIN
PlacerOpts.delay_model_type: DELTA_OVERRIDE
PlacerOpts.rlim_escape_fraction: 0.000000
PlacerOpts.move_stats_file: 
PlacerOpts.placement_saves_per_temperature: 0
PlacerOpts.effort_scaling: CIRCUIT
PlacerOpts.place_delta_delay_matrix_calculation_method: ASTAR_ROUTE
PlaceOpts.seed: 1
AnnealSched.type: AUTO_SCHED
AnnealSched.inner_num: 1.000000

RoutingArch.directionality: BI_DIRECTIONAL
RoutingArch.switch_block_type: WILTON
RoutingArch.Fs: 3

# Load Packing
Begin loading packed FPGA netlist file.
Netlist generated from file 'helloworldfpga.net'.
Detected 2 constant generators (to see names run with higher pack verbosity)
Finished loading packed FPGA netlist file (took 0.016415 seconds).
# Load Packing took 0.03 seconds (max_rss 35.0 MiB, delta_rss +0.4 MiB)
Warning 1: Netlist contains 0 global net to non-global architecture pin connections
Warning 2: Logic block #15 ($false) has only 1 output pin '$false.GND0_GND[0]'. It may be a constant generator.
Warning 3: Logic block #16 ($true) has only 1 output pin '$true.VCC0_VCC[0]'. It may be a constant generator.

Netlist num_nets: 13
Netlist num_blocks: 17
Netlist EMPTY blocks: 0.
Netlist PB-GMUX blocks: 0.
Netlist PB-LOGIC blocks: 4.
Netlist PB-CLOCK blocks: 0.
Netlist PB-MULT blocks: 0.
Netlist PB-SDIOMUX blocks: 0.
Netlist PB-RAM blocks: 0.
Netlist PB-SYN_VCC blocks: 1.
Netlist PB-BIDIR blocks: 11.
Netlist PB-SYN_GND blocks: 1.
Netlist PB-ASSP blocks: 0.
Netlist inputs pins: 3
Netlist output pins: 30


Pb types usage...
  PB-LOGIC          : 4
   LOGIC            : 4
    FRAGS           : 4
     c_frag_modes   : 4
      SPLIT         : 4
       b_frag       : 4
       t_frag       : 4
  PB-SYN_VCC        : 1
   VCC              : 1
  PB-BIDIR          : 11
   BIDIR            : 11
    INPUT           : 3
     bidir          : 3
     inpad          : 3
    OUTPUT          : 8
     bidir          : 8
     outpad         : 8
  PB-SYN_GND        : 1
   GND              : 1

# Create Device
## Build Device Grid
FPGA sized to 39 x 35: 1365 grid tiles (ql-eos-s3)

Resource usage...
	Netlist
		0	blocks of type: PB-GMUX
	Architecture
		5	blocks of type: TL-GMUX
	Netlist
		4	blocks of type: PB-LOGIC
	Architecture
		891	blocks of type: TL-LOGIC
	Netlist
		0	blocks of type: PB-CLOCK
	Architecture
		5	blocks of type: TL-CLOCK
	Netlist
		0	blocks of type: PB-MULT
	Architecture
		2	blocks of type: TL-MULT
	Netlist
		0	blocks of type: PB-SDIOMUX
	Architecture
		14	blocks of type: TL-SDIOMUX
	Netlist
		0	blocks of type: PB-RAM
	Architecture
		4	blocks of type: TL-RAM
	Netlist
		1	blocks of type: PB-SYN_VCC
	Architecture
		1	blocks of type: TL-SYN_VCC
	Netlist
		11	blocks of type: PB-BIDIR
	Architecture
		32	blocks of type: TL-BIDIR
	Netlist
		1	blocks of type: PB-SYN_GND
	Architecture
		1	blocks of type: TL-SYN_GND
	Netlist
		0	blocks of type: PB-ASSP
	Architecture
		1	blocks of type: TL-ASSP

Device Utilization: 0.01 (target 1.00)
	Physical Tile TL-LOGIC:
	Block Utilization: 0.00 Logical Block: PB-LOGIC
	Physical Tile TL-RAM:
	Block Utilization: 0.00 Logical Block: PB-RAM
	Physical Tile TL-MULT:
	Block Utilization: 0.00 Logical Block: PB-MULT
	Physical Tile TL-BIDIR:
	Block Utilization: 0.34 Logical Block: PB-BIDIR
	Physical Tile TL-CLOCK:
	Block Utilization: 0.00 Logical Block: PB-CLOCK
	Physical Tile TL-SDIOMUX:
	Block Utilization: 0.00 Logical Block: PB-SDIOMUX
	Physical Tile TL-GMUX:
	Block Utilization: 0.00 Logical Block: PB-GMUX
	Physical Tile TL-ASSP:
	Block Utilization: 0.00 Logical Block: PB-ASSP
	Physical Tile TL-SYN_VCC:
	Block Utilization: 1.00 Logical Block: PB-SYN_VCC
	Physical Tile TL-SYN_GND:
	Block Utilization: 1.00 Logical Block: PB-SYN_GND

## Build Device Grid took 0.01 seconds (max_rss 35.2 MiB, delta_rss +0.0 MiB)
## Loading routing resource graph


## Loading routing resource graph took 0.90 seconds (max_rss 343.0 MiB, delta_rss +307.8 MiB)
  RR Graph Nodes: 1396446
  RR Graph Edges: 2337988
# Create Device took 2.68 seconds (max_rss 390.6 MiB, delta_rss +355.4 MiB)

# Computing router lookahead map
## Computing wire lookahead
Warning 4: Unable to find any sample location for segment CHANX type 'generic' (length 1)
Warning 5: Unable to find any sample location for segment CHANY type 'generic' (length 1)
Warning 6: Unable to find any sample location for segment CHANX type 'pad' (length 1)
Warning 7: Unable to find any sample location for segment CHANY type 'pad' (length 1)
## Computing wire lookahead took 46.95 seconds (max_rss 390.6 MiB, delta_rss +0.0 MiB)
## Computing src/opin lookahead
## Computing src/opin lookahead took 0.00 seconds (max_rss 390.6 MiB, delta_rss +0.0 MiB)
# Computing router lookahead map took 46.95 seconds (max_rss 390.6 MiB, delta_rss +0.0 MiB)
# Placement
## Computing placement delta delay look-up
  RR Graph Nodes: 1396446
  RR Graph Edges: 2337988
## Computing placement delta delay look-up took 1.58 seconds (max_rss 448.6 MiB, delta_rss +58.0 MiB)
Warning 8: CHANX place cost fac is 0 at 2 2
Warning 9: CHANX place cost fac is 0 at 34 34
Warning 10: CHANY place cost fac is 0 at 38 38
## Initial Placement
Reading helloworldfpga_constraints.place.

Successfully read helloworldfpga_constraints.place.

## Initial Placement took 0.00 seconds (max_rss 448.6 MiB, delta_rss +0.0 MiB)

There are 82 point to point connections in this circuit.


BB estimate of min-dist (placement) wire length: 613

Completed placement consistency check successfully.
Initial placement cost: 1 bb_cost: 0.894418 td_cost: 2.4881e-07
Initial placement estimated Critical Path Delay (CPD): 41.8764 ns
Initial placement estimated setup Total Negative Slack (sTNS): -320.343 ns
Initial placement estimated setup Worst Negative Slack (sWNS): -41.8764 ns

Initial placement estimated setup slack histogram:
[ -4.2e-08: -4.1e-08) 3 ( 37.5%) |*************************************************
[ -4.1e-08: -4.1e-08) 0 (  0.0%) |
[ -4.1e-08:   -4e-08) 1 ( 12.5%) |****************
[   -4e-08:   -4e-08) 0 (  0.0%) |
[   -4e-08: -3.9e-08) 0 (  0.0%) |
[ -3.9e-08: -3.9e-08) 2 ( 25.0%) |*********************************
[ -3.9e-08: -3.9e-08) 1 ( 12.5%) |****************
[ -3.9e-08: -3.8e-08) 0 (  0.0%) |
[ -3.8e-08: -3.8e-08) 0 (  0.0%) |
[ -3.8e-08: -3.7e-08) 1 ( 12.5%) |****************
Placement contains 0 placement macros involving 0 blocks (average macro size nan)

Moves per temperature: 43
Warning 11: Starting t: 12 of 17 configurations accepted.

---- ------ ------- ------- ---------- ---------- ------- ---------- -------- ------- ------- ------ -------- --------- ------
Tnum   Time       T Av Cost Av BB Cost Av TD Cost     CPD       sTNS     sWNS Ac Rate Std Dev  R lim Crit Exp Tot Moves  Alpha
      (sec)                                          (ns)       (ns)     (ns)                                                 
---- ------ ------- ------- ---------- ---------- ------- ---------- -------- ------- ------- ------ -------- --------- ------
   1    0.0 1.3e+00   1.007       0.92 2.6449e-07  45.660       -334  -45.660   0.767  0.0568   38.0     1.00        43  0.200
   2    0.0 1.2e+00   0.938       0.93 2.6414e-07  46.025       -337  -46.025   0.628  0.0475   38.0     1.00        86  0.950
   3    0.0 1.1e+00   1.001       1.00 2.5682e-07  47.359       -330  -47.359   0.488  0.0333   38.0     1.00       129  0.950
   4    0.0 1.1e+00   0.937       0.97 2.6019e-07  46.145       -339  -46.145   0.581  0.0425   38.0     1.00       172  0.950
   5    0.0 1.0e+00   0.911       0.97 2.6228e-07  45.624       -339  -45.624   0.651  0.0565   38.0     1.00       215  0.950
   6    0.0 9.8e-01   0.992       0.91 2.7082e-07  43.418       -330  -43.418   0.744  0.0430   38.0     1.00       258  0.950
   7    0.0 9.3e-01   0.972       0.95 2.5959e-07  43.932       -337  -43.932   0.651  0.0489   38.0     1.00       301  0.950
   8    0.0 8.8e-01   1.019       0.99 2.5931e-07  45.231       -333  -45.231   0.605  0.0742   38.0     1.00       344  0.950
   9    0.0 8.4e-01   0.930       0.94 2.8098e-07  44.900       -342  -44.900   0.651  0.0522   38.0     1.00       387  0.950
  10    0.0 8.0e-01   1.115       0.94 2.5629e-07  41.482       -311  -41.482   0.558  0.0518   38.0     1.00       430  0.950
  11    0.0 7.6e-01   1.044       0.99 2.743e-07   46.416       -331  -46.416   0.744  0.0601   38.0     1.00       473  0.950
  12    0.0 7.2e-01   0.912       0.94 2.5155e-07  47.456       -332  -47.456   0.744  0.0579   38.0     1.00       516  0.950
  13    0.0 6.8e-01   1.056       0.92 2.8137e-07  41.102       -321  -41.102   0.721  0.0636   38.0     1.00       559  0.950
  14    0.0 6.5e-01   0.881       0.95 2.7852e-07  47.209       -357  -47.209   0.674  0.0569   38.0     1.00       602  0.950
  15    0.0 6.2e-01   0.970       0.98 2.478e-07   47.283       -343  -47.283   0.698  0.0446   38.0     1.00       645  0.950
  16    0.0 5.9e-01   0.922       0.99 2.3699e-07  48.258       -344  -48.258   0.698  0.0665   38.0     1.00       688  0.950
  17    0.0 5.6e-01   1.065       0.95 2.6488e-07  43.538       -326  -43.538   0.721  0.0555   38.0     1.00       731  0.950
  18    0.0 5.3e-01   0.963       0.95 2.7291e-07  45.542       -334  -45.542   0.721  0.0487   38.0     1.00       774  0.950
  19    0.0 5.0e-01   1.011       0.94 2.6694e-07  43.538       -328  -43.538   0.372  0.0558   38.0     1.00       817  0.950
  20    0.0 4.8e-01   0.970       1.00 2.4243e-07  45.858       -333  -45.858   0.558  0.0609   35.4     1.49       860  0.950
  21    0.0 4.5e-01   1.079       0.94 2.6539e-07  43.074       -321  -43.074   0.698  0.0775   38.0     1.00       903  0.950
  22    0.0 4.3e-01   0.943       1.04 2.6754e-07  49.161       -346  -49.161   0.698  0.0601   38.0     1.00       946  0.950
  23    0.0 4.1e-01   0.964       0.98 2.6835e-07  44.850       -336  -44.850   0.651  0.0529   38.0     1.00       989  0.950
  24    0.0 3.9e-01   0.892       0.94 2.5835e-07  45.858       -348  -45.858   0.628  0.0665   38.0     1.00      1032  0.950
  25    0.0 3.7e-01   1.089       0.98 2.6156e-07  42.557       -325  -42.557   0.558  0.0550   38.0     1.00      1075  0.950
  26    0.0 3.5e-01   1.015       1.00 2.6048e-07  44.881       -329  -44.881   0.698  0.0468   38.0     1.00      1118  0.950
  27    0.0 3.3e-01   0.884       0.91 2.5916e-07  45.440       -344  -45.440   0.651  0.0537   38.0     1.00      1161  0.950
  28    0.0 3.2e-01   1.018       0.95 2.7795e-07  43.664       -328  -43.664   0.628  0.0456   38.0     1.00      1204  0.950
  29    0.0 3.0e-01   0.975       0.91 2.4687e-07  45.946       -332  -45.946   0.512  0.0688   38.0     1.00      1247  0.950
  30    0.0 2.9e-01   1.178       0.95 2.7126e-07  41.938       -317  -41.938   0.698  0.0947   38.0     1.00      1290  0.950
  31    0.0 2.7e-01   1.000       0.85 2.6384e-07  45.142       -325  -45.142   0.442  0.0315   38.0     1.00      1333  0.950
  32    0.0 2.6e-01   1.076       0.95 2.711e-07   41.892       -324  -41.892   0.465  0.0442   38.0     1.00      1376  0.950
  33    0.0 2.5e-01   1.003       0.96 2.5004e-07  47.288       -342  -47.288   0.674  0.0848   38.0     1.00      1419  0.950
  34    0.0 2.3e-01   1.101       0.94 2.6618e-07  41.821       -323  -41.821   0.535  0.0534   38.0     1.00      1462  0.950
  35    0.0 2.2e-01   0.998       0.88 2.4909e-07  44.308       -320  -44.308   0.581  0.0524   38.0     1.00      1505  0.950
  36    0.0 2.1e-01   1.117       0.95 2.8225e-07  41.578       -317  -41.578   0.581  0.0572   38.0     1.00      1548  0.950
  37    0.0 2.0e-01   0.967       0.95 2.8104e-07  46.185       -340  -46.185   0.488  0.0445   38.0     1.00      1591  0.950
  38    0.0 1.9e-01   0.957       0.97 2.6479e-07  45.151       -336  -45.151   0.651  0.0615   38.0     1.00      1634  0.950
  39    0.0 1.8e-01   0.999       0.97 2.6608e-07  46.766       -337  -46.766   0.674  0.0457   38.0     1.00      1677  0.950
  40    0.0 1.7e-01   0.991       0.98 2.6643e-07  46.430       -344  -46.430   0.628  0.0404   38.0     1.00      1720  0.950
  41    0.0 1.6e-01   0.973       0.97 2.5288e-07  44.900       -337  -44.900   0.581  0.0522   38.0     1.00      1763  0.950
  42    0.0 1.5e-01   0.981       0.95 2.7113e-07  43.629       -329  -43.629   0.698  0.0612   38.0     1.00      1806  0.950
  43    0.0 1.5e-01   0.942       0.87 2.4632e-07  45.874       -337  -45.874   0.674  0.0363   38.0     1.00      1849  0.950
  44    0.0 1.4e-01   1.065       0.96 2.6806e-07  43.582       -331  -43.582   0.442  0.0885   38.0     1.00      1892  0.950
  45    0.0 1.3e-01   0.894       0.93 2.7486e-07  45.966       -344  -45.966   0.535  0.0806   38.0     1.00      1935  0.950
  46    0.0 1.3e-01   1.096       0.89 2.678e-07   40.589       -315  -40.589   0.605  0.0533   38.0     1.00      1978  0.950
  47    0.0 1.2e-01   0.934       0.90 2.4243e-07  44.330       -335  -44.330   0.581  0.0394   38.0     1.00      2021  0.950
  48    0.0 1.1e-01   1.040       0.90 2.7449e-07  42.347       -332  -42.347   0.581  0.0806   38.0     1.00      2064  0.950
  49    0.0 1.1e-01   0.938       0.92 2.4845e-07  45.893       -334  -45.893   0.628  0.0641   38.0     1.00      2107  0.950
  50    0.0 1.0e-01   1.022       0.92 2.469e-07   42.322       -322  -42.322   0.442  0.0585   38.0     1.00      2150  0.950
  51    0.0 9.8e-02   1.040       0.98 2.5642e-07  44.506       -320  -44.506   0.558  0.0447   38.0     1.00      2193  0.950
  52    0.0 9.3e-02   0.979       0.88 2.4475e-07  44.602       -327  -44.602   0.488  0.0490   38.0     1.00      2236  0.950
  53    0.0 8.8e-02   1.042       0.92 2.5567e-07  41.494       -322  -41.494   0.605  0.0365   38.0     1.00      2279  0.950
  54    0.0 8.4e-02   1.091       0.96 2.6633e-07  40.732       -312  -40.732   0.535  0.0524   38.0     1.00      2322  0.950
  55    0.0 7.9e-02   0.959       0.90 2.2875e-07  45.620       -326  -45.620   0.395  0.0808   38.0     1.00      2365  0.950
  56    0.0 7.5e-02   1.150       0.98 2.6033e-07  40.946       -317  -40.946   0.628  0.1042   36.3     1.32      2408  0.950
  57    0.0 7.2e-02   0.927       0.89 2.5032e-07  46.385       -335  -46.385   0.535  0.0547   38.0     1.00      2451  0.950
  58    0.0 6.8e-02   1.042       0.88 2.4792e-07  41.978       -315  -41.978   0.419  0.0631   38.0     1.00      2494  0.950
  59    0.0 6.5e-02   1.132       0.90 2.6573e-07  41.204       -322  -41.204   0.465  0.0511   37.2     1.15      2537  0.950
  60    0.0 6.1e-02   1.043       0.93 2.6556e-07  44.369       -323  -44.369   0.558  0.0656   38.0     1.00      2580  0.950
  61    0.0 5.8e-02   0.942       0.97 2.6357e-07  47.058       -344  -47.058   0.442  0.0654   38.0     1.00      2623  0.950
  62    0.0 5.5e-02   1.020       0.90 2.3886e-07  42.119       -324  -42.119   0.419  0.0351   38.0     1.00      2666  0.950
  63    0.0 5.3e-02   1.029       0.94 2.4847e-07  45.032       -331  -45.032   0.488  0.0630   37.2     1.15      2709  0.950
  64    0.0 5.0e-02   1.041       0.87 2.4526e-07  40.877       -311  -40.877   0.395  0.0410   38.0     1.00      2752  0.950
  65    0.0 4.8e-02   1.007       0.93 2.4176e-07  43.752       -330  -43.752   0.395  0.0458   36.3     1.32      2795  0.950
  66    0.0 4.5e-02   0.972       0.89 2.3825e-07  44.900       -337  -44.900   0.465  0.0644   34.7     1.63      2838  0.950
  67    0.0 4.3e-02   0.906       0.84 2.2015e-07  44.636       -326  -44.636   0.349  0.0411   35.6     1.46      2881  0.950
  68    0.0 4.1e-02   1.047       0.87 2.0745e-07  42.023       -314  -42.023   0.302  0.0394   32.3     2.08      2924  0.950
  69    0.0 3.9e-02   1.043       0.91 2.4793e-07  41.102       -321  -41.102   0.395  0.0538   27.9     2.92      2967  0.950
  70    0.0 3.7e-02   1.029       0.85 2.2773e-07  40.978       -319  -40.978   0.372  0.0197   26.6     3.15      3010  0.950
  71    0.0 3.5e-02   0.988       0.84 2.0862e-07  41.429       -316  -41.429   0.256  0.0347   24.8     3.50      3053  0.950
  72    0.0 3.3e-02   1.096       0.92 2.0248e-07  41.465       -318  -41.465   0.302  0.0419   20.2     4.36      3096  0.950
  73    0.0 3.2e-02   0.986       0.88 1.9022e-07  41.809       -322  -41.809   0.372  0.0244   17.5     4.89      3139  0.950
  74    0.0 3.0e-02   1.057       0.92 1.9305e-07  42.550       -326  -42.550   0.465  0.0587   16.3     5.11      3182  0.950
  75    0.0 2.8e-02   0.932       0.92 1.6572e-07  44.369       -330  -44.369   0.488  0.0556   16.7     5.03      3225  0.950
  76    0.0 2.7e-02   1.027       0.85 1.6725e-07  41.550       -315  -41.550   0.279  0.0469   17.5     4.88      3268  0.950
  77    0.0 2.6e-02   0.988       0.85 1.7891e-07  42.758       -321  -42.758   0.558  0.0297   14.7     5.41      3311  0.950
  78    0.0 2.4e-02   0.965       0.84 1.8648e-07  42.322       -321  -42.322   0.395  0.0189   16.4     5.09      3354  0.950
  79    0.0 2.3e-02   0.942       0.87 1.6467e-07  42.364       -324  -42.364   0.209  0.0341   15.7     5.22      3397  0.950
  80    0.0 2.2e-02   1.037       0.83 1.8245e-07  41.046       -316  -41.046   0.395  0.0205   12.1     5.91      3440  0.950
  81    0.0 2.1e-02   1.015       0.81 1.6101e-07  41.844       -312  -41.844   0.395  0.0169   11.5     6.01      3483  0.950
  82    0.0 2.0e-02   1.021       0.82 1.778e-07   41.308       -317  -41.308   0.256  0.0097   11.0     6.11      3526  0.950
  83    0.0 1.9e-02   1.007       0.82 1.8436e-07  40.494       -311  -40.494   0.442  0.0135    9.0     6.49      3569  0.950
  84    0.0 1.8e-02   0.962       0.83 1.7373e-07  42.024       -326  -42.024   0.349  0.0128    9.0     6.49      3612  0.950
  85    0.0 1.7e-02   1.009       0.85 1.541e-07   41.894       -317  -41.894   0.395  0.0167    8.2     6.64      3655  0.950
  86    0.0 1.6e-02   1.009       0.88 1.3734e-07  42.387       -315  -42.387   0.349  0.0333    7.8     6.71      3698  0.950
  87    0.0 1.5e-02   1.000       0.81 1.619e-07   41.258       -313  -41.258   0.372  0.0121    7.1     6.85      3741  0.950
  88    0.0 1.5e-02   1.027       0.83 1.7215e-07  41.841       -319  -41.841   0.488  0.0118    6.6     6.94      3784  0.950
  89    0.0 1.4e-02   0.995       0.87 1.4495e-07  42.227       -314  -42.227   0.512  0.0192    6.9     6.88      3827  0.950
  90    0.0 1.3e-02   0.983       0.84 1.3921e-07  42.930       -314  -42.930   0.535  0.0153    7.4     6.78      3870  0.950
  91    0.0 1.3e-02   0.943       0.81 1.7654e-07  41.337       -321  -41.337   0.465  0.0236    8.1     6.65      3913  0.950
  92    0.0 1.2e-02   0.962       0.81 1.3915e-07  42.143       -315  -42.143   0.209  0.0083    8.3     6.61      3956  0.950
  93    0.0 1.1e-02   1.012       0.80 1.4023e-07  41.258       -312  -41.258   0.372  0.0122    6.4     6.98      3999  0.950
  94    0.0 1.1e-02   1.043       0.83 1.6726e-07  40.206       -309  -40.206   0.233  0.0235    6.0     7.06      4042  0.950
  95    0.0 1.0e-02   0.969       0.82 1.5539e-07  42.143       -322  -42.143   0.326  0.0120    4.7     7.29      4085  0.950
  96    0.0 9.7e-03   1.000       0.83 1.8717e-07  40.083       -315  -40.083   0.372  0.0157    4.2     7.39      4128  0.950
  97    0.0 9.2e-03   0.971       0.80 1.6089e-07  41.211       -316  -41.211   0.395  0.0087    3.9     7.45      4171  0.950
  98    0.0 8.8e-03   1.011       0.80 1.4073e-07  41.896       -313  -41.896   0.442  0.0105    3.7     7.48      4214  0.950
  99    0.0 8.3e-03   0.981       0.81 1.6431e-07  41.396       -316  -41.396   0.372  0.0073    3.7     7.48      4257  0.950
 100    0.0 7.9e-03   0.990       0.83 1.4657e-07  41.713       -314  -41.713   0.302  0.0140    3.5     7.53      4300  0.950
 101    0.0 7.5e-03   1.000       0.85 1.4706e-07  40.976       -313  -40.976   0.395  0.0078    3.0     7.62      4343  0.950
 102    0.0 7.1e-03   0.962       0.83 1.4418e-07  40.877       -311  -40.877   0.419  0.0194    2.9     7.65      4386  0.950
 103    0.0 6.8e-03   1.007       0.83 1.4707e-07  40.053       -308  -40.053   0.279  0.0063    2.8     7.66      4429  0.950
 104    0.0 6.4e-03   1.016       0.82 1.4205e-07  41.006       -312  -41.006   0.349  0.0128    2.4     7.74      4472  0.950
 105    0.0 6.1e-03   0.984       0.82 1.3498e-07  41.879       -317  -41.879   0.395  0.0104    2.1     7.78      4515  0.950
 106    0.0 5.8e-03   1.004       0.82 1.2913e-07  41.396       -311  -41.396   0.349  0.0060    2.1     7.80      4558  0.950
 107    0.0 5.5e-03   1.000       0.83 1.5012e-07  40.872       -312  -40.872   0.349  0.0062    1.9     7.84      4601  0.950
 108    0.0 5.2e-03   0.988       0.81 1.4381e-07  40.852       -313  -40.852   0.372  0.0069    1.7     7.87      4644  0.950
 109    0.0 5.0e-03   0.994       0.81 1.2725e-07  40.892       -309  -40.892   0.302  0.0086    1.6     7.89      4687  0.950
 110    0.0 4.7e-03   1.004       0.81 1.5318e-07  39.361       -305  -39.361   0.279  0.0068    1.4     7.93      4730  0.950
 111    0.0 4.5e-03   1.003       0.81 1.6099e-07  39.620       -310  -39.620   0.186  0.0071    1.1     7.97      4773  0.950
 112    0.0 4.3e-03   0.997       0.82 1.2599e-07  41.205       -311  -41.205   0.279  0.0078    1.0     8.00      4816  0.950
 113    0.0 4.1e-03   0.998       0.82 1.3158e-07  41.205       -313  -41.205   0.233  0.0051    1.0     8.00      4859  0.950
 114    0.0 3.9e-03   0.994       0.82 1.5875e-07  40.226       -312  -40.226   0.372  0.0094    1.0     8.00      4902  0.950
 115    0.0 3.7e-03   0.986       0.81 1.2974e-07  40.877       -311  -40.877   0.070  0.0089    1.0     8.00      4945  0.950
 116    0.0 2.9e-03   1.002       0.81 1.4496e-07  40.226       -310  -40.226   0.163  0.0014    1.0     8.00      4988  0.800
 117    0.0 2.8e-03   1.001       0.81 1.4352e-07  40.226       -309  -40.226   0.163  0.0096    1.0     8.00      5031  0.950
 118    0.0 2.6e-03   1.000       0.80 1.2004e-07  40.877       -307  -40.877   0.023  0.0000    1.0     8.00      5074  0.950
 119    0.0 2.1e-03   0.997       0.80 1.2122e-07  40.877       -308  -40.877   0.070  0.0023    1.0     8.00      5117  0.800
 120    0.0 1.7e-03   0.998       0.81 1.3423e-07  40.226       -307  -40.226   0.140  0.0030    1.0     8.00      5160  0.800
 121    0.0 1.4e-03   1.000       0.81 1.0935e-07  41.205       -307  -41.205   0.023  0.0000    1.0     8.00      5203  0.800
 122    0.0 1.1e-03   1.000       0.81 1.0758e-07  41.205       -306  -41.205   0.047  0.0003    1.0     8.00      5246  0.800
 123    0.0 8.7e-04   1.000       0.81 1.076e-07   41.205       -306  -41.205   0.070  0.0002    1.0     8.00      5289  0.800
 124    0.0 6.9e-04   1.000       0.81 1.0935e-07  41.205       -307  -41.205   0.023  0.0000    1.0     8.00      5332  0.800
 125    0.0 5.5e-04   1.000       0.81 1.0758e-07  41.205       -306  -41.205   0.047  0.0003    1.0     8.00      5375  0.800
 126    0.0 4.4e-04   1.000       0.81 1.0754e-07  41.205       -306  -41.205   0.000  0.0000    1.0     8.00      5418  0.800
 127    0.0 0.0e+00   1.000       0.81 1.0754e-07  41.205       -306  -41.205   0.000  0.0000    1.0     8.00      5461  0.800
## Placement Quench took 0.00 seconds (max_rss 448.6 MiB)

BB estimate of min-dist (placement) wire length: 565

Completed placement consistency check successfully.

Swaps called: 5478

Aborted Move Reasons:
  No moves aborted

Placement estimated critical path delay (least slack): 41.2053 ns, Fmax: 24.2687 MHz
Placement estimated setup Worst Negative Slack (sWNS): -41.2053 ns
Placement estimated setup Total Negative Slack (sTNS): -306.289 ns

Placement estimated setup slack histogram:
[ -4.1e-08: -4.1e-08) 1 ( 12.5%) |*************************
[ -4.1e-08:   -4e-08) 0 (  0.0%) |
[   -4e-08:   -4e-08) 0 (  0.0%) |
[   -4e-08: -3.9e-08) 1 ( 12.5%) |*************************
[ -3.9e-08: -3.9e-08) 0 (  0.0%) |
[ -3.9e-08: -3.8e-08) 1 ( 12.5%) |*************************
[ -3.8e-08: -3.8e-08) 2 ( 25.0%) |*************************************************
[ -3.8e-08: -3.7e-08) 1 ( 12.5%) |*************************
[ -3.7e-08: -3.7e-08) 1 ( 12.5%) |*************************
[ -3.7e-08: -3.6e-08) 1 ( 12.5%) |*************************

Placement estimated geomean non-virtual intra-domain period: nan ns (nan MHz)
Placement estimated fanout-weighted geomean non-virtual intra-domain period: nan ns (nan MHz)

Placement cost: 1, bb_cost: 0.81122, td_cost: 1.07538e-07, 

Placement resource usage:
  PB-LOGIC   implemented as TL-LOGIC  : 4
  PB-SYN_VCC implemented as TL-SYN_VCC: 1
  PB-BIDIR   implemented as TL-BIDIR  : 11
  PB-SYN_GND implemented as TL-SYN_GND: 1

Placement number of temperatures: 127
Placement total # of swap attempts: 5478
	Swaps accepted: 2454 (44.8 %)
	Swaps rejected: 1239 (22.6 %)
	Swaps aborted : 1785 (32.6 %)
Placement Quench timing analysis took 3.8749e-05 seconds (2.901e-05 STA, 9.739e-06 slack) (1 full updates: 1 setup, 0 hold, 0 combined).
Placement Total  timing analysis took 0.00557043 seconds (0.00412256 STA, 0.00144787 slack) (129 full updates: 129 setup, 0 hold, 0 combined).
update_td_costs: connections 0 nets 0 sum_nets 0 total 0
Incr Slack updates 129 in 0.000349015 sec
Full Max Req/Worst Slack updates 73 in 0.000129426 sec
Incr Max Req/Worst Slack updates 56 in 8.3231e-05 sec
Incr Criticality updates 10 in 3.8906e-05 sec
Full Criticality updates 119 in 0.000468698 sec
# Placement took 1.62 seconds (max_rss 448.6 MiB, delta_rss +58.0 MiB)

Flow timing analysis took 0.00557043 seconds (0.00412256 STA, 0.00144787 slack) (129 full updates: 129 setup, 0 hold, 0 combined).
VPR succeeded
The entire flow of VPR took 52.18 seconds (max_rss 448.6 MiB)
