#Timing report of worst 8 path(s)
# Unit scale: 1e-09 seconds
# Output precision: 3

#Path 1
Startpoint: Z.inpad[0] (.input clocked by virtual_io_clock)
Endpoint  : out:D.outpad[0] (.output clocked by virtual_io_clock)
Path Type : setup

Point                                                                        Incr      Path
-------------------------------------------------------------------------------------------
clock virtual_io_clock (rise edge)                                          0.000     0.000
clock source latency                                                        0.000     0.000
input external delay                                                        0.000     0.000
Z.inpad[0] (.input)                                                         0.000     0.000
$iopadmap$helloworldfpga.Z.I_PAD_$inp[0] (BIDIR_CELL)                       0.000     0.000
$iopadmap$helloworldfpga.Z.I_DAT[0] (BIDIR_CELL)                           10.958    10.958
D_LUT3_O.t_frag.XA2[0] (T_FRAG)                                             0.000    10.958
D_LUT3_O.t_frag.XZ[0] (T_FRAG)                                              1.605    12.564
$iopadmap$helloworldfpga.D.O_DAT[0] (BIDIR_CELL)                            0.000    12.564
$iopadmap$helloworldfpga.D.O_PAD_$out[0] (BIDIR_CELL)                       9.809    22.373
out:D.outpad[0] (.output)                                                   0.000    22.373
data arrival time                                                                    22.373

clock virtual_io_clock (rise edge)                                          0.000     0.000
clock source latency                                                        0.000     0.000
clock uncertainty                                                           0.000     0.000
output external delay                                                       0.000     0.000
data required time                                                                    0.000
-------------------------------------------------------------------------------------------
data required time                                                                    0.000
data arrival time                                                                   -22.373
-------------------------------------------------------------------------------------------
slack (VIOLATED)                                                                    -22.373


#Path 2
Startpoint: Z.inpad[0] (.input clocked by virtual_io_clock)
Endpoint  : out:F.outpad[0] (.output clocked by virtual_io_clock)
Path Type : setup

Point                                                                        Incr      Path
-------------------------------------------------------------------------------------------
clock virtual_io_clock (rise edge)                                          0.000     0.000
clock source latency                                                        0.000     0.000
input external delay                                                        0.000     0.000
Z.inpad[0] (.input)                                                         0.000     0.000
$iopadmap$helloworldfpga.Z.I_PAD_$inp[0] (BIDIR_CELL)                       0.000     0.000
$iopadmap$helloworldfpga.Z.I_DAT[0] (BIDIR_CELL)                           10.958    10.958
F_LUT3_O.t_frag.XA2[0] (T_FRAG)                                             0.000    10.958
F_LUT3_O.t_frag.XZ[0] (T_FRAG)                                              1.605    12.564
$iopadmap$helloworldfpga.F.O_DAT[0] (BIDIR_CELL)                            0.000    12.564
$iopadmap$helloworldfpga.F.O_PAD_$out[0] (BIDIR_CELL)                       9.809    22.373
out:F.outpad[0] (.output)                                                   0.000    22.373
data arrival time                                                                    22.373

clock virtual_io_clock (rise edge)                                          0.000     0.000
clock source latency                                                        0.000     0.000
clock uncertainty                                                           0.000     0.000
output external delay                                                       0.000     0.000
data required time                                                                    0.000
-------------------------------------------------------------------------------------------
data required time                                                                    0.000
data arrival time                                                                   -22.373
-------------------------------------------------------------------------------------------
slack (VIOLATED)                                                                    -22.373


#Path 3
Startpoint: X.inpad[0] (.input clocked by virtual_io_clock)
Endpoint  : out:G.outpad[0] (.output clocked by virtual_io_clock)
Path Type : setup

Point                                                                        Incr      Path
-------------------------------------------------------------------------------------------
clock virtual_io_clock (rise edge)                                          0.000     0.000
clock source latency                                                        0.000     0.000
input external delay                                                        0.000     0.000
X.inpad[0] (.input)                                                         0.000     0.000
$iopadmap$helloworldfpga.X.I_PAD_$inp[0] (BIDIR_CELL)                       0.000     0.000
$iopadmap$helloworldfpga.X.I_DAT[0] (BIDIR_CELL)                           10.958    10.958
G_LUT3_O.t_frag.XA2[0] (T_FRAG)                                             0.000    10.958
G_LUT3_O.t_frag.XZ[0] (T_FRAG)                                              1.605    12.564
$iopadmap$helloworldfpga.G.O_DAT[0] (BIDIR_CELL)                            0.000    12.564
$iopadmap$helloworldfpga.G.O_PAD_$out[0] (BIDIR_CELL)                       9.809    22.373
out:G.outpad[0] (.output)                                                   0.000    22.373
data arrival time                                                                    22.373

clock virtual_io_clock (rise edge)                                          0.000     0.000
clock source latency                                                        0.000     0.000
clock uncertainty                                                           0.000     0.000
output external delay                                                       0.000     0.000
data required time                                                                    0.000
-------------------------------------------------------------------------------------------
data required time                                                                    0.000
data arrival time                                                                   -22.373
-------------------------------------------------------------------------------------------
slack (VIOLATED)                                                                    -22.373


#Path 4
Startpoint: Z.inpad[0] (.input clocked by virtual_io_clock)
Endpoint  : out:H.outpad[0] (.output clocked by virtual_io_clock)
Path Type : setup

Point                                                                        Incr      Path
-------------------------------------------------------------------------------------------
clock virtual_io_clock (rise edge)                                          0.000     0.000
clock source latency                                                        0.000     0.000
input external delay                                                        0.000     0.000
Z.inpad[0] (.input)                                                         0.000     0.000
$iopadmap$helloworldfpga.Z.I_PAD_$inp[0] (BIDIR_CELL)                       0.000     0.000
$iopadmap$helloworldfpga.Z.I_DAT[0] (BIDIR_CELL)                           10.958    10.958
H_LUT3_O.t_frag.XB2[0] (T_FRAG)                                             0.000    10.958
H_LUT3_O.t_frag.XZ[0] (T_FRAG)                                              1.552    12.510
$iopadmap$helloworldfpga.H.O_DAT[0] (BIDIR_CELL)                            0.000    12.510
$iopadmap$helloworldfpga.H.O_PAD_$out[0] (BIDIR_CELL)                       9.809    22.319
out:H.outpad[0] (.output)                                                   0.000    22.319
data arrival time                                                                    22.319

clock virtual_io_clock (rise edge)                                          0.000     0.000
clock source latency                                                        0.000     0.000
clock uncertainty                                                           0.000     0.000
output external delay                                                       0.000     0.000
data required time                                                                    0.000
-------------------------------------------------------------------------------------------
data required time                                                                    0.000
data arrival time                                                                   -22.319
-------------------------------------------------------------------------------------------
slack (VIOLATED)                                                                    -22.319


#Path 5
Startpoint: Z.inpad[0] (.input clocked by virtual_io_clock)
Endpoint  : out:A.outpad[0] (.output clocked by virtual_io_clock)
Path Type : setup

Point                                                                        Incr      Path
-------------------------------------------------------------------------------------------
clock virtual_io_clock (rise edge)                                          0.000     0.000
clock source latency                                                        0.000     0.000
input external delay                                                        0.000     0.000
Z.inpad[0] (.input)                                                         0.000     0.000
$iopadmap$helloworldfpga.Z.I_PAD_$inp[0] (BIDIR_CELL)                       0.000     0.000
$iopadmap$helloworldfpga.Z.I_DAT[0] (BIDIR_CELL)                           10.958    10.958
A_LUT3_O.t_frag.XA1[0] (T_FRAG)                                             0.000    10.958
A_LUT3_O.t_frag.XZ[0] (T_FRAG)                                              1.549    12.507
$iopadmap$helloworldfpga.A.O_DAT[0] (BIDIR_CELL)                            0.000    12.507
$iopadmap$helloworldfpga.A.O_PAD_$out[0] (BIDIR_CELL)                       9.809    22.316
out:A.outpad[0] (.output)                                                   0.000    22.317
data arrival time                                                                    22.317

clock virtual_io_clock (rise edge)                                          0.000     0.000
clock source latency                                                        0.000     0.000
clock uncertainty                                                           0.000     0.000
output external delay                                                       0.000     0.000
data required time                                                                    0.000
-------------------------------------------------------------------------------------------
data required time                                                                    0.000
data arrival time                                                                   -22.317
-------------------------------------------------------------------------------------------
slack (VIOLATED)                                                                    -22.317


#Path 6
Startpoint: Z.inpad[0] (.input clocked by virtual_io_clock)
Endpoint  : out:B.outpad[0] (.output clocked by virtual_io_clock)
Path Type : setup

Point                                                                        Incr      Path
-------------------------------------------------------------------------------------------
clock virtual_io_clock (rise edge)                                          0.000     0.000
clock source latency                                                        0.000     0.000
input external delay                                                        0.000     0.000
Z.inpad[0] (.input)                                                         0.000     0.000
$iopadmap$helloworldfpga.Z.I_PAD_$inp[0] (BIDIR_CELL)                       0.000     0.000
$iopadmap$helloworldfpga.Z.I_DAT[0] (BIDIR_CELL)                           10.958    10.958
B_LUT3_O.t_frag.XA1[0] (T_FRAG)                                             0.000    10.958
B_LUT3_O.t_frag.XZ[0] (T_FRAG)                                              1.549    12.507
$iopadmap$helloworldfpga.B.O_DAT[0] (BIDIR_CELL)                            0.000    12.507
$iopadmap$helloworldfpga.B.O_PAD_$out[0] (BIDIR_CELL)                       9.809    22.316
out:B.outpad[0] (.output)                                                   0.000    22.317
data arrival time                                                                    22.317

clock virtual_io_clock (rise edge)                                          0.000     0.000
clock source latency                                                        0.000     0.000
clock uncertainty                                                           0.000     0.000
output external delay                                                       0.000     0.000
data required time                                                                    0.000
-------------------------------------------------------------------------------------------
data required time                                                                    0.000
data arrival time                                                                   -22.317
-------------------------------------------------------------------------------------------
slack (VIOLATED)                                                                    -22.317


#Path 7
Startpoint: Y.inpad[0] (.input clocked by virtual_io_clock)
Endpoint  : out:C.outpad[0] (.output clocked by virtual_io_clock)
Path Type : setup

Point                                                                        Incr      Path
-------------------------------------------------------------------------------------------
clock virtual_io_clock (rise edge)                                          0.000     0.000
clock source latency                                                        0.000     0.000
input external delay                                                        0.000     0.000
Y.inpad[0] (.input)                                                         0.000     0.000
$iopadmap$helloworldfpga.Y.I_PAD_$inp[0] (BIDIR_CELL)                       0.000     0.000
$iopadmap$helloworldfpga.Y.I_DAT[0] (BIDIR_CELL)                           10.958    10.958
C_LUT3_O.t_frag.XA1[0] (T_FRAG)                                             0.000    10.958
C_LUT3_O.t_frag.XZ[0] (T_FRAG)                                              1.549    12.507
$iopadmap$helloworldfpga.C.O_DAT[0] (BIDIR_CELL)                            0.000    12.507
$iopadmap$helloworldfpga.C.O_PAD_$out[0] (BIDIR_CELL)                       9.809    22.316
out:C.outpad[0] (.output)                                                   0.000    22.317
data arrival time                                                                    22.317

clock virtual_io_clock (rise edge)                                          0.000     0.000
clock source latency                                                        0.000     0.000
clock uncertainty                                                           0.000     0.000
output external delay                                                       0.000     0.000
data required time                                                                    0.000
-------------------------------------------------------------------------------------------
data required time                                                                    0.000
data arrival time                                                                   -22.317
-------------------------------------------------------------------------------------------
slack (VIOLATED)                                                                    -22.317


#Path 8
Startpoint: X.inpad[0] (.input clocked by virtual_io_clock)
Endpoint  : out:E.outpad[0] (.output clocked by virtual_io_clock)
Path Type : setup

Point                                                                        Incr      Path
-------------------------------------------------------------------------------------------
clock virtual_io_clock (rise edge)                                          0.000     0.000
clock source latency                                                        0.000     0.000
input external delay                                                        0.000     0.000
X.inpad[0] (.input)                                                         0.000     0.000
$iopadmap$helloworldfpga.X.I_PAD_$inp[0] (BIDIR_CELL)                       0.000     0.000
$iopadmap$helloworldfpga.X.I_DAT[0] (BIDIR_CELL)                           10.958    10.958
E_LUT3_O.t_frag.XA1[0] (T_FRAG)                                             0.000    10.958
E_LUT3_O.t_frag.XZ[0] (T_FRAG)                                              1.549    12.507
$iopadmap$helloworldfpga.E.O_DAT[0] (BIDIR_CELL)                            0.000    12.507
$iopadmap$helloworldfpga.E.O_PAD_$out[0] (BIDIR_CELL)                       9.809    22.316
out:E.outpad[0] (.output)                                                   0.000    22.317
data arrival time                                                                    22.317

clock virtual_io_clock (rise edge)                                          0.000     0.000
clock source latency                                                        0.000     0.000
clock uncertainty                                                           0.000     0.000
output external delay                                                       0.000     0.000
data required time                                                                    0.000
-------------------------------------------------------------------------------------------
data required time                                                                    0.000
data arrival time                                                                   -22.317
-------------------------------------------------------------------------------------------
slack (VIOLATED)                                                                    -22.317


#End of timing report
