#Timing report of worst 8 path(s)
# Unit scale: 1e-09 seconds
# Output precision: 3

#Path 1
Startpoint: Z.inpad[0] (.input clocked by virtual_io_clock)
Endpoint  : out:H.outpad[0] (.output clocked by virtual_io_clock)
Path Type : setup

Point                                                                        Incr      Path
-------------------------------------------------------------------------------------------
clock virtual_io_clock (rise edge)                                          0.000     0.000
clock source latency                                                        0.000     0.000
input external delay                                                        0.000     0.000
Z.inpad[0] (.input)                                                         0.000     0.000
$iopadmap$helloworldfpga.Z.I_PAD_$inp[0] (BIDIR_CELL)                       0.000     0.000
$iopadmap$helloworldfpga.Z.I_DAT[0] (BIDIR_CELL)                           10.958    10.958
H_LUT3_O.t_frag.XB2[0] (T_FRAG)                                             6.898    17.856
H_LUT3_O.t_frag.XZ[0] (T_FRAG)                                              1.505    19.361
$iopadmap$helloworldfpga.H.O_DAT[0] (BIDIR_CELL)                           11.594    30.955
$iopadmap$helloworldfpga.H.O_PAD_$out[0] (BIDIR_CELL)                       9.809    40.764
out:H.outpad[0] (.output)                                                   0.000    40.764
data arrival time                                                                    40.764

clock virtual_io_clock (rise edge)                                          0.000     0.000
clock source latency                                                        0.000     0.000
clock uncertainty                                                           0.000     0.000
output external delay                                                       0.000     0.000
data required time                                                                    0.000
-------------------------------------------------------------------------------------------
data required time                                                                    0.000
data arrival time                                                                   -40.764
-------------------------------------------------------------------------------------------
slack (VIOLATED)                                                                    -40.764


#Path 2
Startpoint: Z.inpad[0] (.input clocked by virtual_io_clock)
Endpoint  : out:A.outpad[0] (.output clocked by virtual_io_clock)
Path Type : setup

Point                                                                        Incr      Path
-------------------------------------------------------------------------------------------
clock virtual_io_clock (rise edge)                                          0.000     0.000
clock source latency                                                        0.000     0.000
input external delay                                                        0.000     0.000
Z.inpad[0] (.input)                                                         0.000     0.000
$iopadmap$helloworldfpga.Z.I_PAD_$inp[0] (BIDIR_CELL)                       0.000     0.000
$iopadmap$helloworldfpga.Z.I_DAT[0] (BIDIR_CELL)                           10.958    10.958
A_LUT3_O.t_frag.XA1[0] (T_FRAG)                                             7.170    18.128
A_LUT3_O.t_frag.XZ[0] (T_FRAG)                                              1.549    19.678
$iopadmap$helloworldfpga.A.O_DAT[0] (BIDIR_CELL)                           10.185    29.863
$iopadmap$helloworldfpga.A.O_PAD_$out[0] (BIDIR_CELL)                       9.809    39.672
out:A.outpad[0] (.output)                                                   0.000    39.672
data arrival time                                                                    39.672

clock virtual_io_clock (rise edge)                                          0.000     0.000
clock source latency                                                        0.000     0.000
clock uncertainty                                                           0.000     0.000
output external delay                                                       0.000     0.000
data required time                                                                    0.000
-------------------------------------------------------------------------------------------
data required time                                                                    0.000
data arrival time                                                                   -39.672
-------------------------------------------------------------------------------------------
slack (VIOLATED)                                                                    -39.672


#Path 3
Startpoint: Z.inpad[0] (.input clocked by virtual_io_clock)
Endpoint  : out:G.outpad[0] (.output clocked by virtual_io_clock)
Path Type : setup

Point                                                                        Incr      Path
-------------------------------------------------------------------------------------------
clock virtual_io_clock (rise edge)                                          0.000     0.000
clock source latency                                                        0.000     0.000
input external delay                                                        0.000     0.000
Z.inpad[0] (.input)                                                         0.000     0.000
$iopadmap$helloworldfpga.Z.I_PAD_$inp[0] (BIDIR_CELL)                       0.000     0.000
$iopadmap$helloworldfpga.Z.I_DAT[0] (BIDIR_CELL)                           10.958    10.958
G_LUT3_O.t_frag.XAB[0] (T_FRAG)                                             6.166    17.124
G_LUT3_O.t_frag.XZ[0] (T_FRAG)                                              1.251    18.375
$iopadmap$helloworldfpga.G.O_DAT[0] (BIDIR_CELL)                           11.181    29.557
$iopadmap$helloworldfpga.G.O_PAD_$out[0] (BIDIR_CELL)                       9.809    39.366
out:G.outpad[0] (.output)                                                   0.000    39.366
data arrival time                                                                    39.366

clock virtual_io_clock (rise edge)                                          0.000     0.000
clock source latency                                                        0.000     0.000
clock uncertainty                                                           0.000     0.000
output external delay                                                       0.000     0.000
data required time                                                                    0.000
-------------------------------------------------------------------------------------------
data required time                                                                    0.000
data arrival time                                                                   -39.366
-------------------------------------------------------------------------------------------
slack (VIOLATED)                                                                    -39.366


#Path 4
Startpoint: Z.inpad[0] (.input clocked by virtual_io_clock)
Endpoint  : out:F.outpad[0] (.output clocked by virtual_io_clock)
Path Type : setup

Point                                                                        Incr      Path
-------------------------------------------------------------------------------------------
clock virtual_io_clock (rise edge)                                          0.000     0.000
clock source latency                                                        0.000     0.000
input external delay                                                        0.000     0.000
Z.inpad[0] (.input)                                                         0.000     0.000
$iopadmap$helloworldfpga.Z.I_PAD_$inp[0] (BIDIR_CELL)                       0.000     0.000
$iopadmap$helloworldfpga.Z.I_DAT[0] (BIDIR_CELL)                           10.958    10.958
F_LUT3_O.t_frag.XA2[0] (T_FRAG)                                             6.200    17.158
F_LUT3_O.t_frag.XZ[0] (T_FRAG)                                              1.605    18.763
$iopadmap$helloworldfpga.F.O_DAT[0] (BIDIR_CELL)                           10.731    29.494
$iopadmap$helloworldfpga.F.O_PAD_$out[0] (BIDIR_CELL)                       9.809    39.303
out:F.outpad[0] (.output)                                                   0.000    39.303
data arrival time                                                                    39.303

clock virtual_io_clock (rise edge)                                          0.000     0.000
clock source latency                                                        0.000     0.000
clock uncertainty                                                           0.000     0.000
output external delay                                                       0.000     0.000
data required time                                                                    0.000
-------------------------------------------------------------------------------------------
data required time                                                                    0.000
data arrival time                                                                   -39.303
-------------------------------------------------------------------------------------------
slack (VIOLATED)                                                                    -39.303


#Path 5
Startpoint: Z.inpad[0] (.input clocked by virtual_io_clock)
Endpoint  : out:E.outpad[0] (.output clocked by virtual_io_clock)
Path Type : setup

Point                                                                        Incr      Path
-------------------------------------------------------------------------------------------
clock virtual_io_clock (rise edge)                                          0.000     0.000
clock source latency                                                        0.000     0.000
input external delay                                                        0.000     0.000
Z.inpad[0] (.input)                                                         0.000     0.000
$iopadmap$helloworldfpga.Z.I_PAD_$inp[0] (BIDIR_CELL)                       0.000     0.000
$iopadmap$helloworldfpga.Z.I_DAT[0] (BIDIR_CELL)                           10.958    10.958
E_LUT3_O.t_frag.XSL[0] (T_FRAG)                                             7.308    18.266
E_LUT3_O.t_frag.XZ[0] (T_FRAG)                                              1.406    19.672
$iopadmap$helloworldfpga.E.O_DAT[0] (BIDIR_CELL)                            8.465    28.137
$iopadmap$helloworldfpga.E.O_PAD_$out[0] (BIDIR_CELL)                       9.809    37.946
out:E.outpad[0] (.output)                                                   0.000    37.946
data arrival time                                                                    37.946

clock virtual_io_clock (rise edge)                                          0.000     0.000
clock source latency                                                        0.000     0.000
clock uncertainty                                                           0.000     0.000
output external delay                                                       0.000     0.000
data required time                                                                    0.000
-------------------------------------------------------------------------------------------
data required time                                                                    0.000
data arrival time                                                                   -37.946
-------------------------------------------------------------------------------------------
slack (VIOLATED)                                                                    -37.946


#Path 6
Startpoint: X.inpad[0] (.input clocked by virtual_io_clock)
Endpoint  : out:B.outpad[0] (.output clocked by virtual_io_clock)
Path Type : setup

Point                                                                        Incr      Path
-------------------------------------------------------------------------------------------
clock virtual_io_clock (rise edge)                                          0.000     0.000
clock source latency                                                        0.000     0.000
input external delay                                                        0.000     0.000
X.inpad[0] (.input)                                                         0.000     0.000
$iopadmap$helloworldfpga.X.I_PAD_$inp[0] (BIDIR_CELL)                       0.000     0.000
$iopadmap$helloworldfpga.X.I_DAT[0] (BIDIR_CELL)                           10.958    10.958
B_LUT3_O.t_frag.XAB[0] (T_FRAG)                                             5.666    16.624
B_LUT3_O.t_frag.XZ[0] (T_FRAG)                                              1.305    17.930
$iopadmap$helloworldfpga.B.O_DAT[0] (BIDIR_CELL)                           10.187    28.117
$iopadmap$helloworldfpga.B.O_PAD_$out[0] (BIDIR_CELL)                       9.809    37.926
out:B.outpad[0] (.output)                                                   0.000    37.926
data arrival time                                                                    37.926

clock virtual_io_clock (rise edge)                                          0.000     0.000
clock source latency                                                        0.000     0.000
clock uncertainty                                                           0.000     0.000
output external delay                                                       0.000     0.000
data required time                                                                    0.000
-------------------------------------------------------------------------------------------
data required time                                                                    0.000
data arrival time                                                                   -37.926
-------------------------------------------------------------------------------------------
slack (VIOLATED)                                                                    -37.926


#Path 7
Startpoint: Z.inpad[0] (.input clocked by virtual_io_clock)
Endpoint  : out:D.outpad[0] (.output clocked by virtual_io_clock)
Path Type : setup

Point                                                                        Incr      Path
-------------------------------------------------------------------------------------------
clock virtual_io_clock (rise edge)                                          0.000     0.000
clock source latency                                                        0.000     0.000
input external delay                                                        0.000     0.000
Z.inpad[0] (.input)                                                         0.000     0.000
$iopadmap$helloworldfpga.Z.I_PAD_$inp[0] (BIDIR_CELL)                       0.000     0.000
$iopadmap$helloworldfpga.Z.I_DAT[0] (BIDIR_CELL)                           10.958    10.958
D_LUT3_O.t_frag.XA2[0] (T_FRAG)                                             6.905    17.863
D_LUT3_O.t_frag.XZ[0] (T_FRAG)                                              1.605    19.469
$iopadmap$helloworldfpga.D.O_DAT[0] (BIDIR_CELL)                            8.560    28.029
$iopadmap$helloworldfpga.D.O_PAD_$out[0] (BIDIR_CELL)                       9.809    37.838
out:D.outpad[0] (.output)                                                   0.000    37.838
data arrival time                                                                    37.838

clock virtual_io_clock (rise edge)                                          0.000     0.000
clock source latency                                                        0.000     0.000
clock uncertainty                                                           0.000     0.000
output external delay                                                       0.000     0.000
data required time                                                                    0.000
-------------------------------------------------------------------------------------------
data required time                                                                    0.000
data arrival time                                                                   -37.838
-------------------------------------------------------------------------------------------
slack (VIOLATED)                                                                    -37.838


#Path 8
Startpoint: Z.inpad[0] (.input clocked by virtual_io_clock)
Endpoint  : out:C.outpad[0] (.output clocked by virtual_io_clock)
Path Type : setup

Point                                                                        Incr      Path
-------------------------------------------------------------------------------------------
clock virtual_io_clock (rise edge)                                          0.000     0.000
clock source latency                                                        0.000     0.000
input external delay                                                        0.000     0.000
Z.inpad[0] (.input)                                                         0.000     0.000
$iopadmap$helloworldfpga.Z.I_PAD_$inp[0] (BIDIR_CELL)                       0.000     0.000
$iopadmap$helloworldfpga.Z.I_DAT[0] (BIDIR_CELL)                           10.958    10.958
C_LUT3_O.t_frag.XSL[0] (T_FRAG)                                             5.563    16.521
C_LUT3_O.t_frag.XZ[0] (T_FRAG)                                              1.406    17.927
$iopadmap$helloworldfpga.C.O_DAT[0] (BIDIR_CELL)                            8.536    26.464
$iopadmap$helloworldfpga.C.O_PAD_$out[0] (BIDIR_CELL)                       9.809    36.273
out:C.outpad[0] (.output)                                                   0.000    36.273
data arrival time                                                                    36.273

clock virtual_io_clock (rise edge)                                          0.000     0.000
clock source latency                                                        0.000     0.000
clock uncertainty                                                           0.000     0.000
output external delay                                                       0.000     0.000
data required time                                                                    0.000
-------------------------------------------------------------------------------------------
data required time                                                                    0.000
data arrival time                                                                   -36.273
-------------------------------------------------------------------------------------------
slack (VIOLATED)                                                                    -36.273


#End of timing report
